-------------------------------------------------------------------------------->8
-------------------------------------------------------------------------------->8
[2022-12-02T18:42:25.972497856Z][docker-desktop-user-distro][I] syncContextStores <HOME>/.docker/contexts <-> /mnt/c/Users/Notnik_kg/.docker/contexts
[2022-12-02T18:42:25.988552759Z][docker-desktop-user-distro][I] syncContextStores <HOME>/.docker/contexts <-> /mnt/c/Users/Notnik_kg/.docker/contexts os.Symlink <HOME>/.docker/contexts -> /mnt/c/Users/Notnik_kg/.docker/contexts
-------------------------------------------------------------------------------->8
-------------------------------------------------------------------------------->8
[2022-12-02T18:42:26.393954566Z][docker-desktop-user-distro][I] linkPathToWindows windowsPath = /mnt/c/Users/Notnik_kg/.aws, linkPath = <HOME>/.aws
-------------------------------------------------------------------------------->8
-------------------------------------------------------------------------------->8
[2022-12-02T18:42:26.822059100Z][docker-desktop-user-distro][I] linkPathToWindows windowsPath = /mnt/c/Users/Notnik_kg/.azure, linkPath = <HOME>/.azure
-------------------------------------------------------------------------------->8
-------------------------------------------------------------------------------->8
[2022-12-02T18:42:27.268716881Z][docker-desktop-user-distro][I] linkPathToWindows windowsPath = /mnt/c/Users/Notnik_kg/.docker/features.json, linkPath = ~/.docker/features.json
-------------------------------------------------------------------------------->8
-------------------------------------------------------------------------------->8
[2022-12-05T13:49:59.523751352Z][docker-desktop-user-distro][I] syncContextStores <HOME>/.docker/contexts <-> /mnt/c/Users/Notnik_kg/.docker/contexts
[2022-12-05T13:49:59.532981674Z][docker-desktop-user-distro][I] syncContextStores <HOME>/.docker/contexts <-> /mnt/c/Users/Notnik_kg/.docker/contexts: syncNoop
-------------------------------------------------------------------------------->8
-------------------------------------------------------------------------------->8
[2022-12-05T13:49:59.832829190Z][docker-desktop-user-distro][I] linkPathToWindows windowsPath = /mnt/c/Users/Notnik_kg/.aws, linkPath = <HOME>/.aws
[2022-12-05T13:49:59.841412927Z][docker-desktop-user-distro][I] no need to symlink <HOME>/.aws to /mnt/c/Users/Notnik_kg/.aws: they are the same path already
-------------------------------------------------------------------------------->8
-------------------------------------------------------------------------------->8
[2022-12-05T13:50:00.194063700Z][docker-desktop-user-distro][I] linkPathToWindows windowsPath = /mnt/c/Users/Notnik_kg/.azure, linkPath = <HOME>/.azure
[2022-12-05T13:50:00.204242159Z][docker-desktop-user-distro][I] no need to symlink <HOME>/.azure to /mnt/c/Users/Notnik_kg/.azure: they are the same path already
-------------------------------------------------------------------------------->8
-------------------------------------------------------------------------------->8
[2022-12-05T13:50:00.618406084Z][docker-desktop-user-distro][I] linkPathToWindows windowsPath = /mnt/c/Users/Notnik_kg/.docker/features.json, linkPath = ~/.docker/features.json
[2022-12-05T13:50:00.643690743Z][docker-desktop-user-distro][I] no need to symlink <HOME>/.docker/features.json to /mnt/c/Users/Notnik_kg/.docker/features.json: they are the same path already
